TN:
SF:src\config\config.ts
FNF:0
FNH:0
DA:4,3
LF:1
LH:1
BRF:0
BRH:0
end_of_record
TN:
SF:src\config\loadConfig.ts
FN:12,loadConfigFromFile
FN:51,getConfigPathFromArgs
FNF:2
FNH:2
FNDA:3,loadConfigFromFile
FNDA:3,getConfigPathFromArgs
DA:1,3
DA:2,3
DA:4,3
DA:5,3
DA:12,3
DA:13,3
DA:15,3
DA:16,0
DA:18,0
DA:21,0
DA:23,0
DA:24,0
DA:27,0
DA:28,0
DA:30,0
DA:33,0
DA:36,0
DA:41,3
DA:51,3
DA:53,3
DA:54,3
DA:55,0
DA:56,0
DA:59,3
LF:24
LH:12
BRDA:15,0,0,0
BRDA:18,1,0,0
BRDA:18,1,1,0
BRDA:21,2,0,0
BRDA:21,2,1,0
BRDA:27,3,0,0
BRDA:27,3,1,0
BRDA:55,4,0,0
BRDA:55,5,0,0
BRDA:55,5,1,0
BRDA:55,5,2,0
BRF:11
BRH:0
end_of_record
TN:
SF:src\config\validate.ts
FN:8,validateConfig
FNF:1
FNH:0
FNDA:0,validateConfig
DA:8,3
DA:10,0
DA:12,0
DA:16,0
DA:18,0
DA:22,0
DA:24,0
DA:28,0
DA:30,0
DA:34,0
DA:36,0
DA:40,0
DA:42,0
DA:46,0
DA:48,0
DA:52,0
DA:54,0
DA:57,0
LF:18
LH:1
BRDA:10,0,0,0
BRDA:10,1,0,0
BRDA:10,1,1,0
BRDA:10,1,2,0
BRDA:16,2,0,0
BRDA:16,3,0,0
BRDA:16,3,1,0
BRDA:16,3,2,0
BRDA:22,4,0,0
BRDA:22,5,0,0
BRDA:22,5,1,0
BRDA:22,5,2,0
BRDA:28,6,0,0
BRDA:28,7,0,0
BRDA:28,7,1,0
BRDA:28,7,2,0
BRDA:34,8,0,0
BRDA:34,9,0,0
BRDA:34,9,1,0
BRDA:40,10,0,0
BRDA:40,11,0,0
BRDA:40,11,1,0
BRDA:40,11,2,0
BRDA:40,11,3,0
BRDA:46,12,0,0
BRDA:46,13,0,0
BRDA:46,13,1,0
BRDA:46,13,2,0
BRDA:46,13,3,0
BRDA:52,14,0,0
BRDA:52,15,0,0
BRDA:52,15,1,0
BRF:32
BRH:0
end_of_record
TN:
SF:src\heartbeat\heartbeat.ts
FN:7,setupHeartbeat
FN:12,(anonymous_1)
FN:32,(anonymous_2)
FN:37,(anonymous_3)
FN:42,(anonymous_4)
FNF:5
FNH:2
FNDA:9,setupHeartbeat
FNDA:0,(anonymous_1)
FNDA:0,(anonymous_2)
FNDA:9,(anonymous_3)
FNDA:0,(anonymous_4)
DA:1,3
DA:7,3
DA:9,9
DA:12,9
DA:13,0
DA:14,0
DA:15,0
DA:18,0
DA:20,0
DA:21,0
DA:22,0
DA:23,0
DA:27,0
DA:28,0
DA:32,9
DA:33,0
DA:37,9
DA:38,9
DA:42,9
DA:43,0
LF:20
LH:8
BRDA:13,0,0,0
BRDA:18,1,0,0
BRF:2
BRH:0
end_of_record
TN:
SF:src\input\applyScheduler.ts
FN:44,(anonymous_0)
FN:61,(anonymous_1)
FN:69,(anonymous_2)
FN:70,(anonymous_3)
FN:76,(anonymous_4)
FN:83,(anonymous_5)
FN:93,(anonymous_6)
FN:111,(anonymous_7)
FN:114,(anonymous_8)
FN:157,(anonymous_9)
FN:167,(anonymous_10)
FN:175,(anonymous_11)
FNF:12
FNH:10
FNDA:9,(anonymous_0)
FNDA:1,(anonymous_1)
FNDA:1,(anonymous_2)
FNDA:1,(anonymous_3)
FNDA:4,(anonymous_4)
FNDA:2,(anonymous_5)
FNDA:13,(anonymous_6)
FNDA:2,(anonymous_7)
FNDA:2,(anonymous_8)
FNDA:0,(anonymous_9)
FNDA:4,(anonymous_10)
FNDA:0,(anonymous_11)
DA:3,2
DA:16,2
DA:27,9
DA:30,9
DA:33,9
DA:36,9
DA:49,9
DA:50,9
DA:51,9
DA:62,1
DA:70,1
DA:77,4
DA:78,0
DA:79,0
DA:82,4
DA:83,4
DA:84,2
DA:87,4
DA:94,13
DA:95,9
DA:96,9
DA:99,4
DA:100,4
DA:101,4
DA:102,4
DA:105,4
DA:112,2
DA:114,2
DA:117,2
DA:119,2
DA:121,0
DA:124,0
DA:127,0
DA:130,0
DA:131,0
DA:133,0
DA:136,0
DA:137,0
DA:144,0
DA:147,0
DA:148,0
DA:160,0
DA:168,4
DA:176,0
LF:44
LH:29
BRDA:77,0,0,0
BRDA:94,1,0,9
BRDA:100,2,0,4
BRDA:119,3,0,0
BRDA:119,3,1,2
BRDA:136,4,0,0
BRDA:160,5,0,0
BRDA:160,5,1,0
BRF:8
BRH:3
end_of_record
TN:
SF:src\input\executor.ts
FN:13,(anonymous_0)
FN:20,(anonymous_1)
FN:28,(anonymous_2)
FN:29,(anonymous_3)
FN:36,(anonymous_4)
FN:37,(anonymous_5)
FN:44,(anonymous_6)
FN:45,(anonymous_7)
FN:52,(anonymous_8)
FN:53,(anonymous_9)
FN:59,(anonymous_10)
FN:60,(anonymous_11)
FN:83,startInputExecutor
FN:97,(anonymous_13)
FN:107,stopInputExecutor
FN:121,executeInput
FN:133,getExecutorManager
FN:141,getSafetyController
FN:148,triggerSafetyClear
FN:156,triggerExceptionClear
FN:163,handleDisconnect
FN:171,recordValidState
FNF:22
FNH:9
FNDA:3,(anonymous_0)
FNDA:12,(anonymous_1)
FNDA:0,(anonymous_2)
FNDA:0,(anonymous_3)
FNDA:5,(anonymous_4)
FNDA:20,(anonymous_5)
FNDA:0,(anonymous_6)
FNDA:0,(anonymous_7)
FNDA:0,(anonymous_8)
FNDA:0,(anonymous_9)
FNDA:0,(anonymous_10)
FNDA:0,(anonymous_11)
FNDA:5,startInputExecutor
FNDA:5,(anonymous_13)
FNDA:7,stopInputExecutor
FNDA:5,executeInput
FNDA:9,getExecutorManager
FNDA:0,getSafetyController
FNDA:0,triggerSafetyClear
FNDA:0,triggerExceptionClear
FNDA:0,handleDisconnect
FNDA:0,recordValidState
DA:1,3
DA:2,3
DA:3,3
DA:4,3
DA:5,3
DA:6,3
DA:7,3
DA:13,3
DA:14,3
DA:21,12
DA:29,0
DA:37,20
DA:45,0
DA:53,0
DA:60,0
DA:65,3
DA:68,3
DA:69,3
DA:70,3
DA:71,3
DA:74,3
DA:77,3
DA:83,3
DA:85,5
DA:86,0
DA:89,5
DA:94,5
DA:97,5
DA:98,5
DA:101,5
DA:107,3
DA:108,7
DA:109,5
DA:110,5
DA:111,5
DA:115,7
DA:123,5
DA:126,5
DA:133,3
DA:134,9
DA:141,3
DA:142,0
DA:148,3
DA:149,0
DA:156,3
DA:157,0
DA:163,3
DA:164,0
DA:171,3
DA:172,0
LF:50
LH:40
BRDA:85,0,0,0
BRDA:108,1,0,5
BRF:2
BRH:1
end_of_record
TN:
SF:src\input\gamepad.ts
FN:11,(anonymous_0)
FN:19,(anonymous_1)
FN:29,(anonymous_2)
FN:37,(anonymous_3)
FN:44,(anonymous_4)
FN:53,(anonymous_5)
FN:57,(anonymous_6)
FN:64,(anonymous_7)
FNF:8
FNH:3
FNDA:3,(anonymous_0)
FNDA:5,(anonymous_1)
FNDA:0,(anonymous_2)
FNDA:0,(anonymous_3)
FNDA:0,(anonymous_4)
FNDA:5,(anonymous_5)
FNDA:0,(anonymous_6)
FNDA:0,(anonymous_7)
DA:3,3
DA:5,3
DA:11,3
DA:13,3
DA:20,5
DA:21,5
DA:46,0
DA:55,5
DA:57,0
DA:62,5
DA:64,0
DA:69,5
DA:71,0
DA:72,0
DA:77,0
DA:78,0
DA:80,0
DA:81,0
DA:83,0
DA:88,0
DA:89,0
DA:91,0
DA:96,0
DA:98,0
DA:99,0
DA:102,0
DA:103,0
DA:105,0
DA:110,0
LF:29
LH:9
BRDA:20,0,0,5
BRDA:69,1,0,0
BRDA:69,2,0,5
BRDA:69,2,1,5
BRDA:71,3,0,0
BRDA:80,4,0,0
BRDA:80,4,1,0
BRDA:83,5,0,0
BRDA:83,5,1,0
BRDA:88,6,0,0
BRDA:98,7,0,0
BRDA:102,8,0,0
BRDA:102,8,1,0
BRDA:105,9,0,0
BRDA:105,9,1,0
BRF:15
BRH:3
end_of_record
TN:
SF:src\input\joystick.ts
FN:8,(anonymous_0)
FN:32,(anonymous_1)
FN:48,(anonymous_2)
FN:59,(anonymous_3)
FN:69,(anonymous_4)
FN:101,(anonymous_5)
FN:106,(anonymous_6)
FN:115,(anonymous_7)
FN:150,(anonymous_8)
FN:159,(anonymous_9)
FN:166,(anonymous_10)
FNF:11
FNH:5
FNDA:3,(anonymous_0)
FNDA:5,(anonymous_1)
FNDA:0,(anonymous_2)
FNDA:0,(anonymous_3)
FNDA:0,(anonymous_4)
FNDA:0,(anonymous_5)
FNDA:0,(anonymous_6)
FNDA:5,(anonymous_7)
FNDA:10,(anonymous_8)
FNDA:0,(anonymous_9)
FNDA:5,(anonymous_10)
DA:8,3
DA:10,3
DA:26,3
DA:33,5
DA:35,5
DA:40,5
DA:49,0
DA:50,0
DA:60,0
DA:61,0
DA:71,0
DA:73,0
DA:78,0
DA:86,0
DA:91,0
DA:93,0
DA:102,0
DA:106,0
DA:117,5
DA:120,5
DA:121,5
DA:122,5
DA:123,5
DA:124,0
DA:125,0
DA:128,5
DA:129,5
DA:130,5
DA:131,5
DA:132,0
DA:133,0
DA:138,5
DA:139,0
DA:151,10
DA:160,0
DA:167,5
DA:174,5
DA:176,0
DA:177,0
LF:39
LH:19
BRDA:33,0,0,5
BRDA:49,1,0,0
BRDA:60,2,0,0
BRDA:71,3,0,0
BRDA:102,4,0,0
BRDA:102,4,1,0
BRDA:102,4,2,0
BRDA:102,4,3,0
BRDA:102,4,4,0
BRDA:102,4,5,0
BRDA:102,4,6,0
BRDA:120,5,0,5
BRDA:123,6,0,0
BRDA:128,7,0,5
BRDA:131,8,0,0
BRDA:138,9,0,0
BRF:16
BRH:3
end_of_record
TN:
SF:src\input\keyboard.ts
FN:10,(anonymous_0)
FN:18,(anonymous_1)
FN:26,(anonymous_2)
FN:33,(anonymous_3)
FN:38,(anonymous_4)
FN:50,(anonymous_5)
FN:70,(anonymous_6)
FN:79,(anonymous_7)
FN:82,(anonymous_8)
FN:87,(anonymous_9)
FNF:10
FNH:6
FNDA:10,(anonymous_0)
FNDA:19,(anonymous_1)
FNDA:0,(anonymous_2)
FNDA:0,(anonymous_3)
FNDA:0,(anonymous_4)
FNDA:0,(anonymous_5)
FNDA:1,(anonymous_6)
FNDA:20,(anonymous_7)
FNDA:15,(anonymous_8)
FNDA:10,(anonymous_9)
DA:4,4
DA:10,4
DA:12,10
DA:19,19
DA:27,0
DA:29,0
DA:32,0
DA:33,0
DA:37,0
DA:38,0
DA:42,0
DA:51,0
DA:53,0
DA:55,0
DA:56,0
DA:57,0
DA:59,0
DA:63,0
DA:72,1
DA:81,20
DA:82,15
DA:86,20
DA:87,10
DA:91,20
DA:93,14
DA:96,5
DA:101,5
DA:102,5
DA:104,5
DA:112,14
DA:114,9
DA:117,9
DA:118,9
DA:124,9
DA:127,9
DA:128,9
DA:131,0
DA:136,14
LF:38
LH:23
BRDA:27,0,0,0
BRDA:32,1,0,0
BRDA:37,2,0,0
BRDA:51,3,0,0
BRDA:51,4,0,0
BRDA:51,4,1,0
BRDA:56,5,0,0
BRDA:56,5,1,0
BRDA:91,6,0,14
BRDA:91,7,0,20
BRDA:91,7,1,11
BRDA:93,8,0,5
BRDA:112,9,0,9
BRDA:117,10,0,9
BRDA:127,11,0,9
BRF:15
BRH:7
end_of_record
TN:
SF:src\input\mouse.ts
FN:8,(anonymous_0)
FN:22,(anonymous_1)
FN:44,(anonymous_2)
FN:55,(anonymous_3)
FN:65,(anonymous_4)
FN:84,(anonymous_5)
FN:96,(anonymous_6)
FN:108,(anonymous_7)
FNF:8
FNH:3
FNDA:3,(anonymous_0)
FNDA:5,(anonymous_1)
FNDA:0,(anonymous_2)
FNDA:0,(anonymous_3)
FNDA:0,(anonymous_4)
FNDA:5,(anonymous_5)
FNDA:0,(anonymous_6)
FNDA:0,(anonymous_7)
DA:8,3
DA:10,3
DA:24,5
DA:25,0
DA:36,0
DA:46,0
DA:47,0
DA:57,0
DA:58,0
DA:67,0
DA:68,0
DA:69,0
DA:85,5
DA:97,0
DA:109,0
DA:110,0
DA:111,0
DA:112,0
DA:113,0
LF:19
LH:4
BRDA:24,0,0,0
BRDA:46,1,0,0
BRDA:57,2,0,0
BRDA:57,3,0,0
BRDA:57,3,1,0
BRDA:67,4,0,0
BRDA:85,5,0,5
BRDA:85,5,1,5
BRDA:85,5,2,5
BRDA:85,5,3,5
BRDA:85,5,4,5
BRDA:97,6,0,0
BRDA:97,6,1,0
BRDA:97,6,2,0
BRDA:97,6,3,0
BRDA:97,6,4,0
BRF:16
BRH:5
end_of_record
TN:
SF:src\input\safeState.ts
FNF:0
FNH:0
DA:4,1
LF:1
LH:1
BRF:0
BRH:0
end_of_record
TN:
SF:src\input\safetyController.ts
FN:42,(anonymous_0)
FN:59,(anonymous_1)
FN:67,(anonymous_2)
FN:80,(anonymous_3)
FN:92,(anonymous_4)
FN:104,(anonymous_5)
FN:116,(anonymous_6)
FN:128,(anonymous_7)
FN:140,(anonymous_8)
FN:160,(anonymous_9)
FN:190,(anonymous_10)
FN:198,(anonymous_11)
FN:206,(anonymous_12)
FN:213,(anonymous_13)
FN:223,(anonymous_14)
FNF:15
FNH:5
FNDA:3,(anonymous_0)
FNDA:5,(anonymous_1)
FNDA:0,(anonymous_2)
FNDA:0,(anonymous_3)
FNDA:0,(anonymous_4)
FNDA:0,(anonymous_5)
FNDA:5,(anonymous_6)
FNDA:0,(anonymous_7)
FNDA:0,(anonymous_8)
FNDA:0,(anonymous_9)
FNDA:0,(anonymous_10)
FNDA:0,(anonymous_11)
FNDA:0,(anonymous_12)
FNDA:7,(anonymous_13)
FNDA:7,(anonymous_14)
DA:15,3
DA:23,3
DA:26,3
DA:29,3
DA:32,3
DA:35,3
DA:46,3
DA:47,3
DA:60,5
DA:68,0
DA:69,0
DA:70,0
DA:81,0
DA:82,0
DA:83,0
DA:84,0
DA:93,0
DA:94,0
DA:95,0
DA:105,0
DA:106,0
DA:107,0
DA:118,5
DA:119,3
DA:123,2
DA:124,0
DA:128,2
DA:129,0
DA:132,2
DA:142,0
DA:143,0
DA:146,0
DA:147,0
DA:149,0
DA:150,0
DA:151,0
DA:162,0
DA:180,0
DA:183,0
DA:191,0
DA:199,0
DA:207,0
DA:214,7
DA:215,2
DA:216,2
DA:225,7
DA:228,7
DA:230,7
LF:48
LH:20
BRDA:118,0,0,3
BRDA:123,1,0,0
BRDA:142,2,0,0
BRDA:149,3,0,0
BRDA:214,4,0,2
BRF:5
BRH:2
end_of_record
TN:
SF:src\input\state.ts
FNF:0
FNH:0
DA:4,3
LF:1
LH:1
BRF:0
BRH:0
end_of_record
TN:
SF:src\input\stateStore.ts
FN:36,(anonymous_0)
FN:48,(anonymous_1)
FN:95,(anonymous_2)
FN:150,(anonymous_3)
FN:158,(anonymous_4)
FN:164,(anonymous_5)
FN:177,(anonymous_6)
FN:211,(anonymous_7)
FN:223,(anonymous_8)
FN:252,(anonymous_9)
FN:265,(anonymous_10)
FN:273,(anonymous_11)
FN:280,(anonymous_12)
FNF:13
FNH:7
FNDA:10,(anonymous_0)
FNDA:7,(anonymous_1)
FNDA:7,(anonymous_2)
FNDA:7,(anonymous_3)
FNDA:0,(anonymous_4)
FNDA:0,(anonymous_5)
FNDA:7,(anonymous_6)
FNDA:9,(anonymous_7)
FNDA:7,(anonymous_8)
FNDA:0,(anonymous_9)
FNDA:0,(anonymous_10)
FNDA:0,(anonymous_11)
FNDA:0,(anonymous_12)
DA:14,2
DA:16,10
DA:19,10
DA:27,10
DA:37,10
DA:50,7
DA:53,7
DA:56,0
DA:60,7
DA:61,7
DA:66,0
DA:70,7
DA:71,7
DA:74,7
DA:82,7
DA:83,0
DA:87,7
DA:96,7
DA:99,7
DA:100,0
DA:104,7
DA:105,0
DA:109,7
DA:110,1
DA:120,7
DA:121,1
DA:129,6
DA:130,6
DA:134,7
DA:135,7
DA:139,7
DA:140,7
DA:143,7
DA:151,7
DA:160,0
DA:163,0
DA:164,0
DA:166,0
DA:167,0
DA:179,7
DA:182,7
DA:183,0
DA:187,7
DA:188,0
DA:192,7
DA:193,0
DA:197,7
DA:198,0
DA:203,7
DA:214,9
DA:215,9
DA:225,7
DA:226,1
DA:230,6
DA:231,4
DA:235,2
DA:240,2
DA:241,0
DA:245,2
DA:258,0
DA:266,0
DA:274,0
DA:281,0
DA:282,0
DA:283,0
DA:284,0
LF:66
LH:44
BRDA:53,0,0,0
BRDA:61,1,0,0
BRDA:82,2,0,0
BRDA:99,3,0,0
BRDA:104,4,0,0
BRDA:109,5,0,1
BRDA:120,6,0,1
BRDA:120,6,1,6
BRDA:129,7,0,6
BRDA:129,7,1,6
BRDA:130,8,0,6
BRDA:130,8,1,6
BRDA:134,9,0,7
BRDA:139,10,0,7
BRDA:166,11,0,0
BRDA:179,12,0,0
BRDA:182,13,0,0
BRDA:187,14,0,0
BRDA:192,15,0,0
BRDA:197,16,0,0
BRDA:197,17,0,7
BRDA:197,17,1,7
BRDA:197,17,2,0
BRDA:215,18,0,8
BRDA:215,18,1,1
BRDA:225,19,0,1
BRDA:230,20,0,4
BRDA:240,21,0,0
BRDA:274,22,0,0
BRDA:274,22,1,0
BRF:30
BRH:15
end_of_record
TN:
SF:src\utils\errorManager.ts
FN:20,registerWsConnection
FN:24,(anonymous_1)
FN:33,broadcastError
FN:38,(anonymous_3)
FN:54,sendGamepadError
FNF:5
FNH:2
FNDA:9,registerWsConnection
FNDA:9,(anonymous_1)
FNDA:0,broadcastError
FNDA:0,(anonymous_3)
FNDA:0,sendGamepadError
DA:14,3
DA:20,3
DA:21,9
DA:24,9
DA:25,9
DA:33,3
DA:34,0
DA:35,0
DA:38,0
DA:39,0
DA:40,0
DA:42,0
DA:44,0
DA:54,3
DA:55,0
DA:62,0
LF:16
LH:7
BRF:0
BRH:0
end_of_record
TN:
SF:src\utils\logInputData.ts
FN:16,formatInputMessageLog
FN:102,formatInputDeltaMessageLog
FN:157,formatInputEventMessageLog
FNF:3
FNH:0
FNDA:0,formatInputMessageLog
FNDA:0,formatInputDeltaMessageLog
FNDA:0,formatInputEventMessageLog
DA:16,3
DA:17,0
DA:21,0
DA:36,0
DA:37,0
DA:40,0
DA:43,0
DA:44,0
DA:48,0
DA:49,0
DA:53,0
DA:54,0
DA:58,0
DA:59,0
DA:63,0
DA:64,0
DA:65,0
DA:66,0
DA:67,0
DA:68,0
DA:69,0
DA:70,0
DA:71,0
DA:72,0
DA:73,0
DA:74,0
DA:79,0
DA:80,0
DA:81,0
DA:82,0
DA:83,0
DA:84,0
DA:85,0
DA:86,0
DA:87,0
DA:88,0
DA:89,0
DA:90,0
DA:94,0
DA:102,3
DA:103,0
DA:104,0
DA:107,0
DA:108,0
DA:112,0
DA:113,0
DA:114,0
DA:116,0
DA:117,0
DA:122,0
DA:123,0
DA:124,0
DA:125,0
DA:126,0
DA:127,0
DA:128,0
DA:129,0
DA:130,0
DA:131,0
DA:132,0
DA:133,0
DA:138,0
DA:139,0
DA:140,0
DA:141,0
DA:142,0
DA:143,0
DA:144,0
DA:145,0
DA:149,0
DA:157,3
DA:158,0
DA:159,0
DA:161,0
DA:162,0
DA:165,0
DA:168,0
DA:169,0
DA:171,0
DA:173,0
DA:177,0
DA:178,0
DA:179,0
DA:180,0
DA:182,0
DA:184,0
DA:185,0
DA:187,0
DA:189,0
DA:193,0
DA:194,0
DA:195,0
DA:196,0
DA:197,0
DA:198,0
DA:200,0
DA:204,0
LF:97
LH:3
BRDA:21,0,0,0
BRDA:21,0,1,0
BRDA:21,0,2,0
BRDA:21,0,3,0
BRDA:21,0,4,0
BRDA:21,0,5,0
BRDA:21,0,6,0
BRDA:21,0,7,0
BRDA:21,0,8,0
BRDA:21,0,9,0
BRDA:21,0,10,0
BRDA:21,0,11,0
BRDA:21,0,12,0
BRDA:21,0,13,0
BRDA:21,0,14,0
BRDA:21,0,15,0
BRDA:21,0,16,0
BRDA:21,0,17,0
BRDA:36,1,0,0
BRDA:43,2,0,0
BRDA:48,3,0,0
BRDA:53,4,0,0
BRDA:58,5,0,0
BRDA:58,6,0,0
BRDA:58,6,1,0
BRDA:63,7,0,0
BRDA:65,8,0,0
BRDA:66,9,0,0
BRDA:67,10,0,0
BRDA:68,11,0,0
BRDA:68,11,1,0
BRDA:69,12,0,0
BRDA:70,13,0,0
BRDA:70,13,1,0
BRDA:71,14,0,0
BRDA:72,15,0,0
BRDA:72,15,1,0
BRDA:73,16,0,0
BRDA:79,17,0,0
BRDA:81,18,0,0
BRDA:83,19,0,0
BRDA:85,20,0,0
BRDA:87,21,0,0
BRDA:89,22,0,0
BRDA:107,23,0,0
BRDA:112,24,0,0
BRDA:113,25,0,0
BRDA:113,26,0,0
BRDA:113,26,1,0
BRDA:116,27,0,0
BRDA:116,28,0,0
BRDA:116,28,1,0
BRDA:122,29,0,0
BRDA:124,30,0,0
BRDA:125,31,0,0
BRDA:126,32,0,0
BRDA:127,33,0,0
BRDA:127,33,1,0
BRDA:128,34,0,0
BRDA:129,35,0,0
BRDA:129,35,1,0
BRDA:130,36,0,0
BRDA:131,37,0,0
BRDA:131,37,1,0
BRDA:132,38,0,0
BRDA:138,39,0,0
BRDA:140,40,0,0
BRDA:142,41,0,0
BRDA:144,42,0,0
BRDA:161,43,0,0
BRDA:165,44,0,0
BRDA:165,44,1,0
BRDA:165,44,2,0
BRDA:165,44,3,0
BRDA:165,44,4,0
BRDA:168,45,0,0
BRDA:168,46,0,0
BRDA:168,46,1,0
BRDA:173,47,0,0
BRDA:174,48,0,0
BRDA:174,48,1,0
BRDA:174,48,2,0
BRDA:178,49,0,0
BRDA:179,50,0,0
BRDA:184,51,0,0
BRDA:184,52,0,0
BRDA:184,52,1,0
BRDA:189,53,0,0
BRDA:190,54,0,0
BRDA:190,54,1,0
BRDA:190,54,2,0
BRDA:194,55,0,0
BRDA:196,56,0,0
BRF:93
BRH:0
end_of_record
TN:
SF:src\ws\connection.ts
FN:9,handleConnection
FN:33,(anonymous_1)
FN:77,(anonymous_2)
FN:97,(anonymous_3)
FN:105,revertToSafeState
FNF:5
FNH:4
FNDA:9,handleConnection
FNDA:1,(anonymous_1)
FNDA:9,(anonymous_2)
FNDA:0,(anonymous_3)
FNDA:9,revertToSafeState
DA:1,3
DA:2,3
DA:3,3
DA:9,3
DA:11,9
DA:14,9
DA:18,9
DA:22,9
DA:25,9
DA:28,9
DA:29,0
DA:33,9
DA:34,1
DA:37,1
DA:38,1
DA:41,1
DA:42,0
DA:51,0
DA:54,1
DA:56,0
DA:63,0
DA:68,0
DA:72,0
DA:77,9
DA:78,9
DA:80,9
DA:81,0
DA:83,0
DA:84,0
DA:88,9
DA:89,9
DA:91,0
DA:97,9
DA:98,0
DA:107,9
DA:109,9
DA:110,0
DA:113,9
DA:115,9
DA:116,9
DA:117,9
DA:120,9
DA:121,9
DA:122,9
DA:123,9
DA:127,0
LF:46
LH:32
BRDA:28,0,0,0
BRDA:28,1,0,9
BRDA:28,1,1,0
BRDA:28,1,2,0
BRDA:37,2,0,0
BRDA:37,2,1,1
BRDA:41,3,0,0
BRDA:41,4,0,1
BRDA:41,4,1,1
BRDA:78,5,0,9
BRDA:80,6,0,0
BRDA:83,7,0,0
BRDA:83,8,0,0
BRDA:83,8,1,0
BRDA:107,9,0,9
BRDA:109,10,0,0
BRDA:115,11,0,9
BRDA:120,12,0,9
BRDA:120,13,0,9
BRDA:120,13,1,9
BRF:20
BRH:10
end_of_record
TN:
SF:src\ws\router.ts
FN:31,handleMessage
FNF:1
FNH:1
FNDA:1,handleMessage
DA:2,3
DA:3,3
DA:4,3
DA:5,3
DA:6,3
DA:7,3
DA:8,3
DA:9,3
DA:10,3
DA:13,3
DA:31,3
DA:32,1
DA:33,1
DA:34,0
DA:37,0
DA:43,1
DA:45,1
DA:46,1
DA:47,1
DA:49,0
DA:54,0
DA:59,0
DA:63,0
DA:66,0
DA:68,0
DA:73,0
DA:77,0
DA:80,0
DA:87,0
DA:92,0
DA:96,0
LF:31
LH:17
BRDA:33,0,0,0
BRDA:33,1,0,1
BRDA:33,1,1,1
BRDA:45,2,0,1
BRDA:45,2,1,0
BRF:5
BRH:3
end_of_record
TN:
SF:src\ws\server.ts
FN:15,startWsServer
FN:16,(anonymous_1)
FN:32,(anonymous_2)
FN:35,(anonymous_3)
FN:41,(anonymous_4)
FN:59,(anonymous_5)
FN:64,(anonymous_6)
FN:84,getActualPort
FN:92,stopWsServer
FN:93,(anonymous_9)
FN:96,(anonymous_10)
FNF:11
FNH:10
FNDA:4,startWsServer
FNDA:4,(anonymous_1)
FNDA:11,(anonymous_2)
FNDA:4,(anonymous_3)
FNDA:7,(anonymous_4)
FNDA:9,(anonymous_5)
FNDA:11,(anonymous_6)
FNDA:0,getActualPort
FNDA:8,stopWsServer
FNDA:8,(anonymous_9)
FNDA:4,(anonymous_10)
DA:2,3
DA:3,3
DA:4,3
DA:6,3
DA:7,3
DA:9,3
DA:15,3
DA:16,4
DA:17,4
DA:21,4
DA:23,0
DA:24,0
DA:27,4
DA:28,4
DA:32,4
DA:33,11
DA:35,11
DA:36,4
DA:37,4
DA:38,4
DA:41,11
DA:43,7
DA:44,7
DA:45,7
DA:47,7
DA:48,7
DA:50,0
DA:51,0
DA:54,0
DA:55,0
DA:59,11
DA:60,9
DA:61,9
DA:64,11
DA:66,11
DA:67,11
DA:72,4
DA:74,0
DA:75,0
DA:84,3
DA:85,0
DA:92,3
DA:93,8
DA:94,8
DA:96,4
DA:98,4
DA:99,4
DA:101,4
DA:102,4
DA:103,4
DA:105,4
DA:108,4
LF:52
LH:43
BRDA:21,0,0,0
BRDA:21,0,1,4
BRDA:27,1,0,0
BRDA:27,1,1,4
BRDA:32,2,0,4
BRDA:43,3,0,7
BRDA:43,3,1,0
BRDA:47,4,0,7
BRDA:47,4,1,0
BRDA:66,5,0,11
BRDA:94,6,0,4
BRDA:94,6,1,4
BRDA:98,7,0,4
BRF:13
BRH:9
end_of_record
TN:
SF:src\ws\handlers\config.ts
FN:10,handleConfigGet
FN:22,handleConfigSet
FNF:2
FNH:0
FNDA:0,handleConfigGet
FNDA:0,handleConfigSet
DA:2,3
DA:3,3
DA:10,3
DA:12,0
DA:13,0
DA:14,0
DA:22,3
DA:24,0
DA:27,0
DA:29,0
DA:32,0
DA:37,0
DA:38,0
DA:40,0
DA:43,0
DA:47,0
DA:54,0
DA:58,0
DA:62,0
LF:19
LH:4
BRDA:27,0,0,0
BRDA:27,0,1,0
BRDA:43,1,0,0
BRDA:44,2,0,0
BRDA:44,2,1,0
BRF:5
BRH:0
end_of_record
TN:
SF:src\ws\handlers\event.ts
FN:10,handleEvent
FNF:1
FNH:0
FNDA:0,handleEvent
DA:10,3
DA:12,0
DA:15,0
DA:17,0
DA:25,0
DA:26,0
DA:28,0
DA:30,0
DA:33,0
DA:35,0
DA:36,0
DA:39,0
DA:41,0
DA:49,0
DA:50,0
DA:52,0
DA:54,0
DA:61,0
DA:68,0
DA:69,0
DA:71,0
DA:74,0
DA:77,0
DA:85,0
DA:86,0
DA:88,0
LF:26
LH:1
BRDA:15,0,0,0
BRDA:36,1,0,0
BRDA:36,1,1,0
BRDA:39,2,0,0
BRF:4
BRH:0
end_of_record
TN:
SF:src\ws\handlers\input.ts
FN:9,handleInput
FNF:1
FNH:0
FNDA:0,handleInput
DA:9,3
DA:11,0
DA:14,0
DA:17,0
DA:21,0
DA:24,0
DA:26,0
DA:34,0
DA:43,0
DA:46,0
DA:53,0
DA:63,0
DA:69,0
LF:13
LH:1
BRDA:14,0,0,0
BRDA:21,1,0,0
BRDA:21,1,1,0
BRDA:26,2,0,0
BRDA:26,2,1,0
BRDA:37,3,0,0
BRDA:37,3,1,0
BRDA:56,4,0,0
BRDA:56,4,1,0
BRF:9
BRH:0
end_of_record
TN:
SF:src\ws\handlers\inputDelta.ts
FN:10,handleInputDelta
FN:14,(anonymous_1)
FN:20,(anonymous_2)
FNF:3
FNH:0
FNDA:0,handleInputDelta
FNDA:0,(anonymous_1)
FNDA:0,(anonymous_2)
DA:2,3
DA:3,3
DA:10,3
DA:12,0
DA:13,0
DA:14,0
DA:15,0
DA:19,0
DA:20,0
DA:21,0
DA:26,0
DA:27,0
DA:30,0
DA:31,0
DA:38,0
LF:15
LH:3
BRDA:12,0,0,0
BRDA:13,1,0,0
BRDA:19,2,0,0
BRDA:26,3,0,0
BRDA:30,4,0,0
BRF:5
BRH:0
end_of_record
TN:
SF:src\ws\handlers\inputEvent.ts
FN:10,handleInputEvent
FNF:1
FNH:0
FNDA:0,handleInputEvent
DA:2,3
DA:3,3
DA:10,3
DA:12,0
DA:15,0
DA:18,0
LF:6
LH:3
BRF:0
BRH:0
end_of_record
TN:
SF:src\ws\handlers\latencyProbe.ts
FN:8,handleLatencyProbe
FNF:1
FNH:0
FNDA:0,handleLatencyProbe
DA:8,3
DA:10,0
DA:15,0
DA:19,0
LF:4
LH:1
BRF:0
BRH:0
end_of_record
TN:
SF:src\ws\handlers\ping.ts
FN:8,handlePing
FNF:1
FNH:1
FNDA:1,handlePing
DA:8,3
DA:10,1
DA:11,1
DA:12,1
LF:4
LH:4
BRF:0
BRH:0
end_of_record
TN:
SF:src\ws\handlers\state.ts
FN:10,handleState
FN:39,(anonymous_1)
FN:40,(anonymous_2)
FN:43,(anonymous_3)
FN:44,(anonymous_4)
FNF:5
FNH:0
FNDA:0,handleState
FNDA:0,(anonymous_1)
FNDA:0,(anonymous_2)
FNDA:0,(anonymous_3)
FNDA:0,(anonymous_4)
DA:10,3
DA:12,0
DA:15,0
DA:17,0
DA:26,0
DA:27,0
DA:29,0
DA:31,0
DA:34,0
DA:36,0
DA:39,0
DA:40,0
DA:43,0
DA:44,0
DA:62,0
DA:65,0
DA:74,0
DA:75,0
DA:77,0
DA:80,0
DA:83,0
DA:92,0
DA:93,0
DA:95,0
LF:24
LH:1
BRDA:15,0,0,0
BRDA:39,1,0,0
BRDA:39,1,1,0
BRDA:43,2,0,0
BRDA:43,2,1,0
BRDA:70,3,0,0
BRDA:70,3,1,0
BRDA:71,4,0,0
BRDA:71,4,1,0
BRF:9
BRH:0
end_of_record
TN:
SF:src\ws\handlers\welcome.ts
FN:8,handleWelcome
FNF:1
FNH:0
FNDA:0,handleWelcome
DA:8,3
DA:10,0
DA:14,0
DA:18,0
LF:4
LH:1
BRF:0
BRH:0
end_of_record
TN:
SF:tests\common\testUtils.ts
FN:11,(anonymous_0)
FN:25,(anonymous_1)
FN:43,(anonymous_2)
FN:54,(anonymous_3)
FN:72,(anonymous_4)
FN:91,(anonymous_5)
FNF:6
FNH:2
FNDA:0,(anonymous_0)
FNDA:1,(anonymous_1)
FNDA:0,(anonymous_2)
FNDA:0,(anonymous_3)
FNDA:0,(anonymous_4)
FNDA:8,(anonymous_5)
DA:6,1
DA:12,0
DA:29,1
DA:46,0
DA:57,0
DA:75,0
DA:96,8
LF:7
LH:3
BRF:0
BRH:0
end_of_record
TN:
SF:tests\common\wsClient.ts
FN:17,(anonymous_0)
FN:22,(anonymous_1)
FN:23,(anonymous_2)
FN:24,(anonymous_3)
FN:30,(anonymous_4)
FN:35,(anonymous_5)
FN:37,(anonymous_6)
FN:40,(anonymous_7)
FN:41,(anonymous_8)
FN:44,(anonymous_9)
FN:46,(anonymous_10)
FN:52,(anonymous_11)
FN:53,(anonymous_12)
FN:59,(anonymous_13)
FN:69,(anonymous_14)
FN:73,(anonymous_15)
FN:77,(anonymous_16)
FN:81,(anonymous_17)
FN:88,(anonymous_18)
FN:89,(anonymous_19)
FN:91,(anonymous_20)
FN:95,(anonymous_21)
FNF:22
FNH:14
FNDA:9,(anonymous_0)
FNDA:9,(anonymous_1)
FNDA:9,(anonymous_2)
FNDA:0,(anonymous_3)
FNDA:9,(anonymous_4)
FNDA:10,(anonymous_5)
FNDA:1,(anonymous_6)
FNDA:9,(anonymous_7)
FNDA:1,(anonymous_8)
FNDA:0,(anonymous_9)
FNDA:0,(anonymous_10)
FNDA:1,(anonymous_11)
FNDA:1,(anonymous_12)
FNDA:1,(anonymous_13)
FNDA:1,(anonymous_14)
FNDA:1,(anonymous_15)
FNDA:0,(anonymous_16)
FNDA:12,(anonymous_17)
FNDA:0,(anonymous_18)
FNDA:0,(anonymous_19)
FNDA:0,(anonymous_20)
FNDA:0,(anonymous_21)
DA:2,1
DA:9,1
DA:10,9
DA:13,9
DA:14,9
DA:15,9
DA:18,9
DA:19,9
DA:23,9
DA:24,9
DA:25,0
DA:28,9
DA:30,9
DA:31,9
DA:32,9
DA:35,9
DA:36,10
DA:37,10
DA:40,9
DA:41,9
DA:44,9
DA:45,0
DA:46,0
DA:47,0
DA:53,1
DA:54,1
DA:55,0
DA:56,0
DA:59,1
DA:60,1
DA:61,0
DA:63,1
DA:70,1
DA:74,1
DA:78,0
DA:82,12
DA:83,9
DA:84,9
DA:89,0
DA:90,0
DA:91,0
DA:92,0
DA:95,0
DA:96,0
DA:97,0
DA:98,0
DA:102,0
LF:47
LH:30
BRDA:18,0,0,9
BRDA:18,0,1,0
BRDA:19,1,0,9
BRDA:19,1,1,9
BRDA:54,2,0,0
BRDA:54,3,0,1
BRDA:54,3,1,1
BRDA:60,4,0,0
BRDA:60,4,1,1
BRDA:82,5,0,9
BRDA:90,6,0,0
BRDA:90,6,1,0
BRDA:96,7,0,0
BRF:13
BRH:7
end_of_record
